app/build/outputs/logs/manifest-merger-debug-report.txt
-- Merging decision tree log ---
manifest
ADDED from src\main\AndroidManifest.xml:1:1-57:12
	xmlns:android
		ADDED from src\main\AndroidManifest.xml:1:11-69
	package
		ADDED from src\main\AndroidManifest.xml:2:5-31
		INJECTED from src\main\AndroidManifest.xml
		ADDED from src\main\AndroidManifest.xml:2:5-31
		INJECTED from src\debug\AndroidManifest.xml
	android:versionName
		ADDED from src\main\AndroidManifest.xml:4:5-30
		INJECTED from src\main\AndroidManifest.xml
		ADDED from src\main\AndroidManifest.xml:4:5-30
		INJECTED from src\debug\AndroidManifest.xml
	android:versionCode
		ADDED from src\main\AndroidManifest.xml:3:5-28
		INJECTED from src\main\AndroidManifest.xml
		ADDED from src\main\AndroidManifest.xml:3:5-28
		INJECTED from src\debug\AndroidManifest.xml
supports-screens
ADDED from src\main\AndroidManifest.xml:5:5-11:38
	android:largeScreens
		ADDED from src\main\AndroidManifest.xml:7:9-36
	android:anyDensity
		ADDED from src\main\AndroidManifest.xml:11:9-35
	android:normalScreens
		ADDED from src\main\AndroidManifest.xml:9:9-37
compatible-screens
ADDED from src\main\AndroidManifest.xml:12:5-20:26
screen#normal+ldpi
ADDED from src\main\AndroidManifest.xml:14:9-76
	android:screenSize
		ADDED from src\main\AndroidManifest.xml:14:17-44
	android:screenDensity
		ADDED from src\main\AndroidManifest.xml:14:45-73
screen#normal+mdpi
ADDED from src\main\AndroidManifest.xml:15:9-76
	android:screenSize
		ADDED from src\main\AndroidManifest.xml:15:17-44
	android:screenDensity
		ADDED from src\main\AndroidManifest.xml:15:45-73
screen#large+hdpi
ADDED from src\main\AndroidManifest.xml:16:9-75
	android:screenSize
		ADDED from src\main\AndroidManifest.xml:16:17-43
	android:screenDensity
		ADDED from src\main\AndroidManifest.xml:16:44-72
screen#xlarge+xhdpi
ADDED from src\main\AndroidManifest.xml:17:9-77
	android:screenSize
		ADDED from src\main\AndroidManifest.xml:17:17-44
	android:screenDensity
		ADDED from src\main\AndroidManifest.xml:17:45-74
uses-sdk
ADDED from src\main\AndroidManifest.xml:21:5-23:41
MERGED from [com.android.support:support-v4:21.0.3] AndroidManifest.xml:15:5-42
	android:targetSdkVersion
		ADDED from src\main\AndroidManifest.xml:23:9-38
		INJECTED from src\main\AndroidManifest.xml
		INJECTED from src\debug\AndroidManifest.xml
	android:minSdkVersion
		ADDED from src\main\AndroidManifest.xml:22:9-35
		INJECTED from src\main\AndroidManifest.xml
		INJECTED from src\debug\AndroidManifest.xml
uses-permission#android.permission.INTERNET
ADDED from src\main\AndroidManifest.xml:24:5-66
	android:name
		ADDED from src\main\AndroidManifest.xml:24:22-64
uses-permission#android.permission.ACCESS_NETWORK_STATE
ADDED from src\main\AndroidManifest.xml:25:5-79
	android:name
		ADDED from src\main\AndroidManifest.xml:25:22-76
uses-permission#android.permission.ACCESS_FINE_LOCATION
ADDED from src\main\AndroidManifest.xml:27:5-79
	android:name
		ADDED from src\main\AndroidManifest.xml:27:22-76
uses-permission#android.permission.ACCESS_COARSE_LOCATION
ADDED from src\main\AndroidManifest.xml:28:5-81
	android:name
		ADDED from src\main\AndroidManifest.xml:28:22-78
application
ADDED from src\main\AndroidManifest.xml:30:5-56:19
MERGED from [com.android.support:support-v4:21.0.3] AndroidManifest.xml:16:5-19
	android:label
		ADDED from src\main\AndroidManifest.xml:33:9-41
	android:allowBackup
		ADDED from src\main\AndroidManifest.xml:31:9-35
	android:icon
		ADDED from src\main\AndroidManifest.xml:32:9-40
	android:theme
		ADDED from src\main\AndroidManifest.xml:34:9-40
activity#com.mcfly_roothy.Login
ADDED from src\main\AndroidManifest.xml:35:9-43:20
	android:label
		ADDED from src\main\AndroidManifest.xml:37:13-45
	android:icon
		ADDED from src\main\AndroidManifest.xml:38:13-44
	android:name
		ADDED from src\main\AndroidManifest.xml:36:13-50
intent-filter#android.intent.action.MAIN+android.intent.category.LAUNCHER
ADDED from src\main\AndroidManifest.xml:39:13-42:29
action#android.intent.action.MAIN
ADDED from src\main\AndroidManifest.xml:40:17-69
	android:name
		ADDED from src\main\AndroidManifest.xml:40:25-66
category#android.intent.category.LAUNCHER
ADDED from src\main\AndroidManifest.xml:41:17-77
	android:name
		ADDED from src\main\AndroidManifest.xml:41:27-74
activity#com.mcfly_roothy.Distributor
ADDED from src\main\AndroidManifest.xml:44:9-47:20
	android:screenOrientation
		ADDED from src\main\AndroidManifest.xml:46:13-49
	android:name
		ADDED from src\main\AndroidManifest.xml:45:13-56
activity#com.mcfly_roothy.SalesDetails
ADDED from src\main\AndroidManifest.xml:48:9-51:20
	android:parentActivityName
		ADDED from src\main\AndroidManifest.xml:50:13-54
	android:name
		ADDED from src\main\AndroidManifest.xml:49:13-57
activity#com.mcfly_roothy.LogisticDetails
ADDED from src\main\AndroidManifest.xml:52:9-55:20
	android:parentActivityName
		ADDED from src\main\AndroidManifest.xml:54:13-54
	android:name
		ADDED from src\main\AndroidManifest.xml:53:13-60